{
  "/Users/zeno/Projects/tava-ai/apps/backend/src/db/schema.ts": {
    "path": "/Users/zeno/Projects/tava-ai/apps/backend/src/db/schema.ts",
    "statementMap": {
      "0": { "start": { "line": 13, "column": 13 }, "end": { "line": 22, "column": null } },
      "1": { "start": { "line": 25, "column": 13 }, "end": { "line": 40, "column": null } },
      "2": { "start": { "line": 37, "column": 24 }, "end": { "line": 37, "column": 34 } },
      "3": { "start": { "line": 39, "column": 13 }, "end": { "line": 39, "column": null } },
      "4": { "start": { "line": 43, "column": 13 }, "end": { "line": 63, "column": null } },
      "5": { "start": { "line": 51, "column": 24 }, "end": { "line": 51, "column": 34 } },
      "6": { "start": { "line": 62, "column": 13 }, "end": { "line": 62, "column": null } },
      "7": { "start": { "line": 66, "column": 13 }, "end": { "line": 77, "column": null } },
      "8": { "start": { "line": 76, "column": 13 }, "end": { "line": 76, "column": null } },
      "9": { "start": { "line": 80, "column": 13 }, "end": { "line": 103, "column": null } },
      "10": { "start": { "line": 85, "column": 24 }, "end": { "line": 85, "column": 32 } },
      "11": { "start": { "line": 88, "column": 24 }, "end": { "line": 88, "column": 32 } },
      "12": { "start": { "line": 97, "column": 13 }, "end": { "line": 102, "column": null } },
      "13": { "start": { "line": 106, "column": 13 }, "end": { "line": 132, "column": null } },
      "14": { "start": { "line": 111, "column": 24 }, "end": { "line": 111, "column": 42 } },
      "15": { "start": { "line": 114, "column": 24 }, "end": { "line": 114, "column": 32 } },
      "16": { "start": { "line": 117, "column": 24 }, "end": { "line": 117, "column": 32 } },
      "17": { "start": { "line": 127, "column": 13 }, "end": { "line": 131, "column": null } }
    },
    "fnMap": {
      "0": {
        "name": "(anonymous_0)",
        "decl": { "start": { "line": 37, "column": 18 }, "end": { "line": 37, "column": 24 } },
        "loc": { "start": { "line": 37, "column": 24 }, "end": { "line": 37, "column": 34 } },
        "line": 37
      },
      "1": {
        "name": "(anonymous_1)",
        "decl": { "start": { "line": 39, "column": 2 }, "end": { "line": 39, "column": 3 } },
        "loc": { "start": { "line": 39, "column": 13 }, "end": { "line": 39, "column": null } },
        "line": 39
      },
      "2": {
        "name": "(anonymous_2)",
        "decl": { "start": { "line": 51, "column": 18 }, "end": { "line": 51, "column": 24 } },
        "loc": { "start": { "line": 51, "column": 24 }, "end": { "line": 51, "column": 34 } },
        "line": 51
      },
      "3": {
        "name": "(anonymous_3)",
        "decl": { "start": { "line": 62, "column": 2 }, "end": { "line": 62, "column": 3 } },
        "loc": { "start": { "line": 62, "column": 13 }, "end": { "line": 62, "column": null } },
        "line": 62
      },
      "4": {
        "name": "(anonymous_4)",
        "decl": { "start": { "line": 76, "column": 2 }, "end": { "line": 76, "column": 3 } },
        "loc": { "start": { "line": 76, "column": 13 }, "end": { "line": 76, "column": null } },
        "line": 76
      },
      "5": {
        "name": "(anonymous_5)",
        "decl": { "start": { "line": 85, "column": 18 }, "end": { "line": 85, "column": 24 } },
        "loc": { "start": { "line": 85, "column": 24 }, "end": { "line": 85, "column": 32 } },
        "line": 85
      },
      "6": {
        "name": "(anonymous_6)",
        "decl": { "start": { "line": 88, "column": 18 }, "end": { "line": 88, "column": 24 } },
        "loc": { "start": { "line": 88, "column": 24 }, "end": { "line": 88, "column": 32 } },
        "line": 88
      },
      "7": {
        "name": "(anonymous_7)",
        "decl": { "start": { "line": 97, "column": 2 }, "end": { "line": 97, "column": 3 } },
        "loc": { "start": { "line": 97, "column": 13 }, "end": { "line": 102, "column": null } },
        "line": 97
      },
      "8": {
        "name": "(anonymous_8)",
        "decl": { "start": { "line": 111, "column": 18 }, "end": { "line": 111, "column": 24 } },
        "loc": { "start": { "line": 111, "column": 24 }, "end": { "line": 111, "column": 42 } },
        "line": 111
      },
      "9": {
        "name": "(anonymous_9)",
        "decl": { "start": { "line": 114, "column": 18 }, "end": { "line": 114, "column": 24 } },
        "loc": { "start": { "line": 114, "column": 24 }, "end": { "line": 114, "column": 32 } },
        "line": 114
      },
      "10": {
        "name": "(anonymous_10)",
        "decl": { "start": { "line": 117, "column": 18 }, "end": { "line": 117, "column": 24 } },
        "loc": { "start": { "line": 117, "column": 24 }, "end": { "line": 117, "column": 32 } },
        "line": 117
      },
      "11": {
        "name": "(anonymous_11)",
        "decl": { "start": { "line": 127, "column": 2 }, "end": { "line": 127, "column": 3 } },
        "loc": { "start": { "line": 127, "column": 13 }, "end": { "line": 131, "column": null } },
        "line": 127
      }
    },
    "branchMap": {},
    "s": {
      "0": 1,
      "1": 1,
      "2": 0,
      "3": 0,
      "4": 1,
      "5": 0,
      "6": 0,
      "7": 1,
      "8": 0,
      "9": 1,
      "10": 0,
      "11": 0,
      "12": 0,
      "13": 1,
      "14": 0,
      "15": 0,
      "16": 0,
      "17": 0
    },
    "f": {
      "0": 0,
      "1": 0,
      "2": 0,
      "3": 0,
      "4": 0,
      "5": 0,
      "6": 0,
      "7": 0,
      "8": 0,
      "9": 0,
      "10": 0,
      "11": 0
    },
    "b": {},
    "meta": {
      "lastBranch": 0,
      "lastFunction": 12,
      "lastStatement": 18,
      "seen": {
        "s:13:13:22:Infinity": 0,
        "s:25:13:40:Infinity": 1,
        "f:37:18:37:24": 0,
        "s:37:24:37:34": 2,
        "f:39:2:39:3": 1,
        "s:39:13:39:Infinity": 3,
        "s:43:13:63:Infinity": 4,
        "f:51:18:51:24": 2,
        "s:51:24:51:34": 5,
        "f:62:2:62:3": 3,
        "s:62:13:62:Infinity": 6,
        "s:66:13:77:Infinity": 7,
        "f:76:2:76:3": 4,
        "s:76:13:76:Infinity": 8,
        "s:80:13:103:Infinity": 9,
        "f:85:18:85:24": 5,
        "s:85:24:85:32": 10,
        "f:88:18:88:24": 6,
        "s:88:24:88:32": 11,
        "f:97:2:97:3": 7,
        "s:97:13:102:Infinity": 12,
        "s:106:13:132:Infinity": 13,
        "f:111:18:111:24": 8,
        "s:111:24:111:42": 14,
        "f:114:18:114:24": 9,
        "s:114:24:114:32": 15,
        "f:117:18:117:24": 10,
        "s:117:24:117:32": 16,
        "f:127:2:127:3": 11,
        "s:127:13:131:Infinity": 17
      }
    }
  },
  "/Users/zeno/Projects/tava-ai/apps/backend/src/services/aiService.ts": {
    "path": "/Users/zeno/Projects/tava-ai/apps/backend/src/services/aiService.ts",
    "statementMap": {
      "0": { "start": { "line": 5, "column": 22 }, "end": { "line": 7, "column": null } },
      "1": { "start": { "line": 33, "column": 2 }, "end": { "line": 64, "column": null } },
      "2": { "start": { "line": 35, "column": 49 }, "end": { "line": 46, "column": null } },
      "3": { "start": { "line": 47, "column": 22 }, "end": { "line": 47, "column": null } },
      "4": { "start": { "line": 50, "column": 17 }, "end": { "line": 50, "column": null } },
      "5": { "start": { "line": 52, "column": 26 }, "end": { "line": 57, "column": null } },
      "6": { "start": { "line": 60, "column": 4 }, "end": { "line": 60, "column": null } },
      "7": { "start": { "line": 62, "column": 4 }, "end": { "line": 62, "column": null } },
      "8": { "start": { "line": 63, "column": 4 }, "end": { "line": 63, "column": null } },
      "9": { "start": { "line": 68, "column": 30 }, "end": { "line": 68, "column": null } },
      "10": { "start": { "line": 96, "column": 32 }, "end": { "line": 96, "column": null } },
      "11": { "start": { "line": 98, "column": 2 }, "end": { "line": 150, "column": null } },
      "12": { "start": { "line": 98, "column": 21 }, "end": { "line": 98, "column": 24 } },
      "13": { "start": { "line": 99, "column": 4 }, "end": { "line": 149, "column": null } },
      "14": { "start": { "line": 100, "column": 25 }, "end": { "line": 109, "column": null } },
      "15": { "start": { "line": 111, "column": 22 }, "end": { "line": 111, "column": null } },
      "16": { "start": { "line": 112, "column": 6 }, "end": { "line": 112, "column": null } },
      "17": { "start": { "line": 112, "column": 20 }, "end": { "line": 112, "column": null } },
      "18": { "start": { "line": 114, "column": 21 }, "end": { "line": 114, "column": null } },
      "19": { "start": { "line": 117, "column": 23 }, "end": { "line": 126, "column": null } },
      "20": { "start": { "line": 127, "column": 6 }, "end": { "line": 131, "column": null } },
      "21": { "start": { "line": 128, "column": 8 }, "end": { "line": 130, "column": null } },
      "22": { "start": { "line": 129, "column": 10 }, "end": { "line": 129, "column": null } },
      "23": { "start": { "line": 133, "column": 6 }, "end": { "line": 133, "column": null } },
      "24": { "start": { "line": 135, "column": 18 }, "end": { "line": 135, "column": null } },
      "25": { "start": { "line": 136, "column": 6 }, "end": { "line": 136, "column": null } },
      "26": { "start": { "line": 137, "column": 6 }, "end": { "line": 137, "column": null } },
      "27": { "start": { "line": 141, "column": 8 }, "end": { "line": 141, "column": null } },
      "28": { "start": { "line": 143, "column": 6 }, "end": { "line": 145, "column": null } },
      "29": { "start": { "line": 144, "column": 8 }, "end": { "line": 144, "column": null } },
      "30": { "start": { "line": 148, "column": 6 }, "end": { "line": 148, "column": null } },
      "31": { "start": { "line": 148, "column": 37 }, "end": { "line": 148, "column": 89 } },
      "32": { "start": { "line": 152, "column": 2 }, "end": { "line": 152, "column": null } },
      "33": { "start": { "line": 156, "column": 27 }, "end": { "line": 156, "column": null } },
      "34": { "start": { "line": 177, "column": 32 }, "end": { "line": 177, "column": null } },
      "35": { "start": { "line": 179, "column": 2 }, "end": { "line": 219, "column": null } },
      "36": { "start": { "line": 179, "column": 21 }, "end": { "line": 179, "column": 24 } },
      "37": { "start": { "line": 180, "column": 4 }, "end": { "line": 218, "column": null } },
      "38": { "start": { "line": 181, "column": 25 }, "end": { "line": 190, "column": null } },
      "39": { "start": { "line": 192, "column": 22 }, "end": { "line": 192, "column": null } },
      "40": { "start": { "line": 193, "column": 6 }, "end": { "line": 193, "column": null } },
      "41": { "start": { "line": 193, "column": 20 }, "end": { "line": 193, "column": null } },
      "42": { "start": { "line": 196, "column": 21 }, "end": { "line": 196, "column": null } },
      "43": { "start": { "line": 197, "column": 23 }, "end": { "line": 197, "column": null } },
      "44": { "start": { "line": 198, "column": 6 }, "end": { "line": 202, "column": null } },
      "45": { "start": { "line": 199, "column": 8 }, "end": { "line": 201, "column": null } },
      "46": { "start": { "line": 200, "column": 10 }, "end": { "line": 200, "column": null } },
      "47": { "start": { "line": 204, "column": 6 }, "end": { "line": 204, "column": null } },
      "48": { "start": { "line": 206, "column": 18 }, "end": { "line": 206, "column": null } },
      "49": { "start": { "line": 207, "column": 6 }, "end": { "line": 207, "column": null } },
      "50": { "start": { "line": 208, "column": 6 }, "end": { "line": 208, "column": null } },
      "51": { "start": { "line": 211, "column": 8 }, "end": { "line": 211, "column": null } },
      "52": { "start": { "line": 213, "column": 6 }, "end": { "line": 215, "column": null } },
      "53": { "start": { "line": 214, "column": 8 }, "end": { "line": 214, "column": null } },
      "54": { "start": { "line": 217, "column": 6 }, "end": { "line": 217, "column": null } },
      "55": { "start": { "line": 217, "column": 37 }, "end": { "line": 217, "column": 89 } },
      "56": { "start": { "line": 221, "column": 2 }, "end": { "line": 221, "column": null } }
    },
    "fnMap": {
      "0": {
        "name": "transcribeAudio",
        "decl": { "start": { "line": 29, "column": 22 }, "end": { "line": 29, "column": null } },
        "loc": { "start": { "line": 32, "column": 19 }, "end": { "line": 65, "column": null } },
        "line": 32
      },
      "1": {
        "name": "generateTherapistPlan",
        "decl": { "start": { "line": 92, "column": 22 }, "end": { "line": 92, "column": null } },
        "loc": { "start": { "line": 95, "column": 26 }, "end": { "line": 153, "column": null } },
        "line": 95
      },
      "2": {
        "name": "(anonymous_2)",
        "decl": { "start": { "line": 148, "column": 24 }, "end": { "line": 148, "column": 25 } },
        "loc": { "start": { "line": 148, "column": 37 }, "end": { "line": 148, "column": 89 } },
        "line": 148
      },
      "3": {
        "name": "generateClientPlan",
        "decl": { "start": { "line": 173, "column": 22 }, "end": { "line": 173, "column": null } },
        "loc": { "start": { "line": 176, "column": 23 }, "end": { "line": 222, "column": null } },
        "line": 176
      },
      "4": {
        "name": "(anonymous_4)",
        "decl": { "start": { "line": 217, "column": 24 }, "end": { "line": 217, "column": 25 } },
        "loc": { "start": { "line": 217, "column": 37 }, "end": { "line": 217, "column": 89 } },
        "line": 217
      }
    },
    "branchMap": {
      "0": {
        "loc": { "start": { "line": 31, "column": 2 }, "end": { "line": 31, "column": null } },
        "type": "default-arg",
        "locations": [
          { "start": { "line": 31, "column": 21 }, "end": { "line": 31, "column": null } }
        ],
        "line": 31
      },
      "1": {
        "loc": { "start": { "line": 47, "column": 22 }, "end": { "line": 47, "column": null } },
        "type": "binary-expr",
        "locations": [
          { "start": { "line": 47, "column": 22 }, "end": { "line": 47, "column": 48 } },
          { "start": { "line": 47, "column": 48 }, "end": { "line": 47, "column": null } }
        ],
        "line": 47
      },
      "2": {
        "loc": { "start": { "line": 94, "column": 2 }, "end": { "line": 94, "column": null } },
        "type": "default-arg",
        "locations": [
          { "start": { "line": 94, "column": 15 }, "end": { "line": 94, "column": null } }
        ],
        "line": 94
      },
      "3": {
        "loc": { "start": { "line": 112, "column": 6 }, "end": { "line": 112, "column": null } },
        "type": "if",
        "locations": [
          { "start": { "line": 112, "column": 6 }, "end": { "line": 112, "column": null } },
          { "start": {}, "end": {} }
        ],
        "line": 112
      },
      "4": {
        "loc": { "start": { "line": 128, "column": 8 }, "end": { "line": 130, "column": null } },
        "type": "if",
        "locations": [
          { "start": { "line": 128, "column": 8 }, "end": { "line": 130, "column": null } },
          { "start": {}, "end": {} }
        ],
        "line": 128
      },
      "5": {
        "loc": { "start": { "line": 141, "column": 8 }, "end": { "line": 141, "column": null } },
        "type": "binary-expr",
        "locations": [
          { "start": { "line": 141, "column": 8 }, "end": { "line": 141, "column": 31 } },
          { "start": { "line": 141, "column": 31 }, "end": { "line": 141, "column": 45 } },
          { "start": { "line": 141, "column": 45 }, "end": { "line": 141, "column": 67 } },
          { "start": { "line": 141, "column": 67 }, "end": { "line": 141, "column": null } }
        ],
        "line": 141
      },
      "6": {
        "loc": { "start": { "line": 143, "column": 6 }, "end": { "line": 145, "column": null } },
        "type": "if",
        "locations": [
          { "start": { "line": 143, "column": 6 }, "end": { "line": 145, "column": null } },
          { "start": {}, "end": {} }
        ],
        "line": 143
      },
      "7": {
        "loc": { "start": { "line": 143, "column": 10 }, "end": { "line": 143, "column": 50 } },
        "type": "binary-expr",
        "locations": [
          { "start": { "line": 143, "column": 10 }, "end": { "line": 143, "column": 26 } },
          { "start": { "line": 143, "column": 26 }, "end": { "line": 143, "column": 50 } }
        ],
        "line": 143
      },
      "8": {
        "loc": { "start": { "line": 152, "column": 8 }, "end": { "line": 152, "column": null } },
        "type": "binary-expr",
        "locations": [
          { "start": { "line": 152, "column": 8 }, "end": { "line": 152, "column": 21 } },
          { "start": { "line": 152, "column": 21 }, "end": { "line": 152, "column": null } }
        ],
        "line": 152
      },
      "9": {
        "loc": { "start": { "line": 175, "column": 2 }, "end": { "line": 175, "column": null } },
        "type": "default-arg",
        "locations": [
          { "start": { "line": 175, "column": 15 }, "end": { "line": 175, "column": null } }
        ],
        "line": 175
      },
      "10": {
        "loc": { "start": { "line": 193, "column": 6 }, "end": { "line": 193, "column": null } },
        "type": "if",
        "locations": [
          { "start": { "line": 193, "column": 6 }, "end": { "line": 193, "column": null } },
          { "start": {}, "end": {} }
        ],
        "line": 193
      },
      "11": {
        "loc": { "start": { "line": 199, "column": 8 }, "end": { "line": 201, "column": null } },
        "type": "if",
        "locations": [
          { "start": { "line": 199, "column": 8 }, "end": { "line": 201, "column": null } },
          { "start": {}, "end": {} }
        ],
        "line": 199
      },
      "12": {
        "loc": { "start": { "line": 211, "column": 8 }, "end": { "line": 211, "column": null } },
        "type": "binary-expr",
        "locations": [
          { "start": { "line": 211, "column": 8 }, "end": { "line": 211, "column": 31 } },
          { "start": { "line": 211, "column": 31 }, "end": { "line": 211, "column": 45 } },
          { "start": { "line": 211, "column": 45 }, "end": { "line": 211, "column": 67 } },
          { "start": { "line": 211, "column": 67 }, "end": { "line": 211, "column": null } }
        ],
        "line": 211
      },
      "13": {
        "loc": { "start": { "line": 213, "column": 6 }, "end": { "line": 215, "column": null } },
        "type": "if",
        "locations": [
          { "start": { "line": 213, "column": 6 }, "end": { "line": 215, "column": null } },
          { "start": {}, "end": {} }
        ],
        "line": 213
      },
      "14": {
        "loc": { "start": { "line": 213, "column": 10 }, "end": { "line": 213, "column": 50 } },
        "type": "binary-expr",
        "locations": [
          { "start": { "line": 213, "column": 10 }, "end": { "line": 213, "column": 26 } },
          { "start": { "line": 213, "column": 26 }, "end": { "line": 213, "column": 50 } }
        ],
        "line": 213
      },
      "15": {
        "loc": { "start": { "line": 221, "column": 8 }, "end": { "line": 221, "column": null } },
        "type": "binary-expr",
        "locations": [
          { "start": { "line": 221, "column": 8 }, "end": { "line": 221, "column": 21 } },
          { "start": { "line": 221, "column": 21 }, "end": { "line": 221, "column": null } }
        ],
        "line": 221
      }
    },
    "s": {
      "0": 1,
      "1": 4,
      "2": 4,
      "3": 4,
      "4": 4,
      "5": 4,
      "6": 3,
      "7": 1,
      "8": 1,
      "9": 1,
      "10": 6,
      "11": 6,
      "12": 6,
      "13": 8,
      "14": 8,
      "15": 5,
      "16": 5,
      "17": 1,
      "18": 4,
      "19": 4,
      "20": 4,
      "21": 26,
      "22": 1,
      "23": 3,
      "24": 5,
      "25": 5,
      "26": 5,
      "27": 5,
      "28": 5,
      "29": 3,
      "30": 2,
      "31": 2,
      "32": 2,
      "33": 1,
      "34": 4,
      "35": 4,
      "36": 4,
      "37": 5,
      "38": 5,
      "39": 4,
      "40": 4,
      "41": 0,
      "42": 4,
      "43": 4,
      "44": 4,
      "45": 14,
      "46": 1,
      "47": 3,
      "48": 2,
      "49": 2,
      "50": 2,
      "51": 2,
      "52": 2,
      "53": 1,
      "54": 1,
      "55": 1,
      "56": 1
    },
    "f": { "0": 4, "1": 6, "2": 2, "3": 4, "4": 1 },
    "b": {
      "0": [4],
      "1": [4, 0],
      "2": [6],
      "3": [1, 4],
      "4": [1, 25],
      "5": [5, 4, 2, 2],
      "6": [3, 2],
      "7": [5, 3],
      "8": [2, 0],
      "9": [4],
      "10": [0, 4],
      "11": [1, 13],
      "12": [2, 2, 0, 2],
      "13": [1, 1],
      "14": [2, 1],
      "15": [1, 0]
    },
    "meta": {
      "lastBranch": 16,
      "lastFunction": 5,
      "lastStatement": 57,
      "seen": {
        "s:5:22:7:Infinity": 0,
        "f:29:22:29:Infinity": 0,
        "b:31:21:31:Infinity": 0,
        "s:33:2:64:Infinity": 1,
        "s:35:49:46:Infinity": 2,
        "s:47:22:47:Infinity": 3,
        "b:47:22:47:48:47:48:47:Infinity": 1,
        "s:50:17:50:Infinity": 4,
        "s:52:26:57:Infinity": 5,
        "s:60:4:60:Infinity": 6,
        "s:62:4:62:Infinity": 7,
        "s:63:4:63:Infinity": 8,
        "s:68:30:68:Infinity": 9,
        "f:92:22:92:Infinity": 1,
        "b:94:15:94:Infinity": 2,
        "s:96:32:96:Infinity": 10,
        "s:98:2:150:Infinity": 11,
        "s:98:21:98:24": 12,
        "s:99:4:149:Infinity": 13,
        "s:100:25:109:Infinity": 14,
        "s:111:22:111:Infinity": 15,
        "b:112:6:112:Infinity:undefined:undefined:undefined:undefined": 3,
        "s:112:6:112:Infinity": 16,
        "s:112:20:112:Infinity": 17,
        "s:114:21:114:Infinity": 18,
        "s:117:23:126:Infinity": 19,
        "s:127:6:131:Infinity": 20,
        "b:128:8:130:Infinity:undefined:undefined:undefined:undefined": 4,
        "s:128:8:130:Infinity": 21,
        "s:129:10:129:Infinity": 22,
        "s:133:6:133:Infinity": 23,
        "s:135:18:135:Infinity": 24,
        "s:136:6:136:Infinity": 25,
        "s:137:6:137:Infinity": 26,
        "s:141:8:141:Infinity": 27,
        "b:141:8:141:31:141:31:141:45:141:45:141:67:141:67:141:Infinity": 5,
        "b:143:6:145:Infinity:undefined:undefined:undefined:undefined": 6,
        "s:143:6:145:Infinity": 28,
        "b:143:10:143:26:143:26:143:50": 7,
        "s:144:8:144:Infinity": 29,
        "s:148:6:148:Infinity": 30,
        "f:148:24:148:25": 2,
        "s:148:37:148:89": 31,
        "s:152:2:152:Infinity": 32,
        "b:152:8:152:21:152:21:152:Infinity": 8,
        "s:156:27:156:Infinity": 33,
        "f:173:22:173:Infinity": 3,
        "b:175:15:175:Infinity": 9,
        "s:177:32:177:Infinity": 34,
        "s:179:2:219:Infinity": 35,
        "s:179:21:179:24": 36,
        "s:180:4:218:Infinity": 37,
        "s:181:25:190:Infinity": 38,
        "s:192:22:192:Infinity": 39,
        "b:193:6:193:Infinity:undefined:undefined:undefined:undefined": 10,
        "s:193:6:193:Infinity": 40,
        "s:193:20:193:Infinity": 41,
        "s:196:21:196:Infinity": 42,
        "s:197:23:197:Infinity": 43,
        "s:198:6:202:Infinity": 44,
        "b:199:8:201:Infinity:undefined:undefined:undefined:undefined": 11,
        "s:199:8:201:Infinity": 45,
        "s:200:10:200:Infinity": 46,
        "s:204:6:204:Infinity": 47,
        "s:206:18:206:Infinity": 48,
        "s:207:6:207:Infinity": 49,
        "s:208:6:208:Infinity": 50,
        "s:211:8:211:Infinity": 51,
        "b:211:8:211:31:211:31:211:45:211:45:211:67:211:67:211:Infinity": 12,
        "b:213:6:215:Infinity:undefined:undefined:undefined:undefined": 13,
        "s:213:6:215:Infinity": 52,
        "b:213:10:213:26:213:26:213:50": 14,
        "s:214:8:214:Infinity": 53,
        "s:217:6:217:Infinity": 54,
        "f:217:24:217:25": 4,
        "s:217:37:217:89": 55,
        "s:221:2:221:Infinity": 56,
        "b:221:8:221:21:221:21:221:Infinity": 15
      }
    }
  },
  "/Users/zeno/Projects/tava-ai/apps/backend/src/services/moderationService.ts": {
    "path": "/Users/zeno/Projects/tava-ai/apps/backend/src/services/moderationService.ts",
    "statementMap": {
      "0": { "start": { "line": 39, "column": 2 }, "end": { "line": 54, "column": null } },
      "1": { "start": { "line": 40, "column": 21 }, "end": { "line": 43, "column": null } },
      "2": { "start": { "line": 45, "column": 19 }, "end": { "line": 45, "column": null } },
      "3": { "start": { "line": 46, "column": 4 }, "end": { "line": 50, "column": null } },
      "4": { "start": { "line": 52, "column": 4 }, "end": { "line": 52, "column": null } },
      "5": { "start": { "line": 53, "column": 4 }, "end": { "line": 53, "column": null } },
      "6": { "start": { "line": 67, "column": 42 }, "end": { "line": 67, "column": null } },
      "7": { "start": { "line": 70, "column": 2 }, "end": { "line": 76, "column": null } },
      "8": { "start": { "line": 73, "column": 51 }, "end": { "line": 73, "column": 62 } },
      "9": { "start": { "line": 75, "column": 4 }, "end": { "line": 75, "column": null } },
      "10": { "start": { "line": 79, "column": 2 }, "end": { "line": 86, "column": null } },
      "11": { "start": { "line": 83, "column": 51 }, "end": { "line": 83, "column": 62 } },
      "12": { "start": { "line": 85, "column": 4 }, "end": { "line": 85, "column": null } },
      "13": { "start": { "line": 89, "column": 2 }, "end": { "line": 91, "column": null } },
      "14": { "start": { "line": 89, "column": 75 }, "end": { "line": 89, "column": 86 } },
      "15": { "start": { "line": 90, "column": 4 }, "end": { "line": 90, "column": null } },
      "16": { "start": { "line": 94, "column": 2 }, "end": { "line": 94, "column": null } },
      "17": { "start": { "line": 101, "column": 27 }, "end": { "line": 101, "column": null } },
      "18": { "start": { "line": 102, "column": 2 }, "end": { "line": 102, "column": null } }
    },
    "fnMap": {
      "0": {
        "name": "moderateContent",
        "decl": { "start": { "line": 38, "column": 22 }, "end": { "line": 38, "column": 38 } },
        "loc": { "start": { "line": 38, "column": 79 }, "end": { "line": 55, "column": null } },
        "line": 38
      },
      "1": {
        "name": "mapModerationToRiskLevel",
        "decl": { "start": { "line": 66, "column": 16 }, "end": { "line": 66, "column": 41 } },
        "loc": { "start": { "line": 66, "column": 82 }, "end": { "line": 95, "column": null } },
        "line": 66
      },
      "2": {
        "name": "(anonymous_2)",
        "decl": { "start": { "line": 73, "column": 40 }, "end": { "line": 73, "column": 41 } },
        "loc": { "start": { "line": 73, "column": 51 }, "end": { "line": 73, "column": 62 } },
        "line": 73
      },
      "3": {
        "name": "(anonymous_3)",
        "decl": { "start": { "line": 83, "column": 40 }, "end": { "line": 83, "column": 41 } },
        "loc": { "start": { "line": 83, "column": 51 }, "end": { "line": 83, "column": 62 } },
        "line": 83
      },
      "4": {
        "name": "(anonymous_4)",
        "decl": { "start": { "line": 89, "column": 64 }, "end": { "line": 89, "column": 65 } },
        "loc": { "start": { "line": 89, "column": 75 }, "end": { "line": 89, "column": 86 } },
        "line": 89
      },
      "5": {
        "name": "evaluateContentRisk",
        "decl": { "start": { "line": 100, "column": 22 }, "end": { "line": 100, "column": 42 } },
        "loc": { "start": { "line": 100, "column": 76 }, "end": { "line": 103, "column": null } },
        "line": 100
      }
    },
    "branchMap": {
      "0": {
        "loc": { "start": { "line": 70, "column": 2 }, "end": { "line": 76, "column": null } },
        "type": "if",
        "locations": [
          { "start": { "line": 70, "column": 2 }, "end": { "line": 76, "column": null } },
          { "start": {}, "end": {} }
        ],
        "line": 70
      },
      "1": {
        "loc": { "start": { "line": 71, "column": 4 }, "end": { "line": 73, "column": null } },
        "type": "binary-expr",
        "locations": [
          { "start": { "line": 71, "column": 4 }, "end": { "line": 71, "column": null } },
          { "start": { "line": 72, "column": 4 }, "end": { "line": 72, "column": null } },
          { "start": { "line": 73, "column": 4 }, "end": { "line": 73, "column": null } }
        ],
        "line": 71
      },
      "2": {
        "loc": { "start": { "line": 79, "column": 2 }, "end": { "line": 86, "column": null } },
        "type": "if",
        "locations": [
          { "start": { "line": 79, "column": 2 }, "end": { "line": 86, "column": null } },
          { "start": {}, "end": {} }
        ],
        "line": 79
      },
      "3": {
        "loc": { "start": { "line": 80, "column": 4 }, "end": { "line": 83, "column": null } },
        "type": "binary-expr",
        "locations": [
          { "start": { "line": 80, "column": 4 }, "end": { "line": 80, "column": null } },
          { "start": { "line": 81, "column": 4 }, "end": { "line": 81, "column": null } },
          { "start": { "line": 82, "column": 4 }, "end": { "line": 82, "column": null } },
          { "start": { "line": 83, "column": 4 }, "end": { "line": 83, "column": null } }
        ],
        "line": 80
      },
      "4": {
        "loc": { "start": { "line": 89, "column": 2 }, "end": { "line": 91, "column": null } },
        "type": "if",
        "locations": [
          { "start": { "line": 89, "column": 2 }, "end": { "line": 91, "column": null } },
          { "start": {}, "end": {} }
        ],
        "line": 89
      },
      "5": {
        "loc": { "start": { "line": 89, "column": 6 }, "end": { "line": 89, "column": 89 } },
        "type": "binary-expr",
        "locations": [
          { "start": { "line": 89, "column": 6 }, "end": { "line": 89, "column": 28 } },
          { "start": { "line": 89, "column": 28 }, "end": { "line": 89, "column": 89 } }
        ],
        "line": 89
      }
    },
    "s": {
      "0": 3,
      "1": 3,
      "2": 2,
      "3": 2,
      "4": 1,
      "5": 1,
      "6": 7,
      "7": 7,
      "8": 48,
      "9": 3,
      "10": 4,
      "11": 33,
      "12": 1,
      "13": 3,
      "14": 22,
      "15": 1,
      "16": 2,
      "17": 1,
      "18": 1
    },
    "f": { "0": 3, "1": 7, "2": 48, "3": 33, "4": 22, "5": 1 },
    "b": { "0": [3, 4], "1": [7, 6, 5], "2": [1, 3], "3": [4, 4, 3, 3], "4": [1, 2], "5": [3, 2] },
    "meta": {
      "lastBranch": 6,
      "lastFunction": 6,
      "lastStatement": 19,
      "seen": {
        "f:38:22:38:38": 0,
        "s:39:2:54:Infinity": 0,
        "s:40:21:43:Infinity": 1,
        "s:45:19:45:Infinity": 2,
        "s:46:4:50:Infinity": 3,
        "s:52:4:52:Infinity": 4,
        "s:53:4:53:Infinity": 5,
        "f:66:16:66:41": 1,
        "s:67:42:67:Infinity": 6,
        "b:70:2:76:Infinity:undefined:undefined:undefined:undefined": 0,
        "s:70:2:76:Infinity": 7,
        "b:71:4:71:Infinity:72:4:72:Infinity:73:4:73:Infinity": 1,
        "f:73:40:73:41": 2,
        "s:73:51:73:62": 8,
        "s:75:4:75:Infinity": 9,
        "b:79:2:86:Infinity:undefined:undefined:undefined:undefined": 2,
        "s:79:2:86:Infinity": 10,
        "b:80:4:80:Infinity:81:4:81:Infinity:82:4:82:Infinity:83:4:83:Infinity": 3,
        "f:83:40:83:41": 3,
        "s:83:51:83:62": 11,
        "s:85:4:85:Infinity": 12,
        "b:89:2:91:Infinity:undefined:undefined:undefined:undefined": 4,
        "s:89:2:91:Infinity": 13,
        "b:89:6:89:28:89:28:89:89": 5,
        "f:89:64:89:65": 4,
        "s:89:75:89:86": 14,
        "s:90:4:90:Infinity": 15,
        "s:94:2:94:Infinity": 16,
        "f:100:22:100:42": 5,
        "s:101:27:101:Infinity": 17,
        "s:102:2:102:Infinity": 18
      }
    }
  },
  "/Users/zeno/Projects/tava-ai/apps/backend/src/services/riskService.ts": {
    "path": "/Users/zeno/Projects/tava-ai/apps/backend/src/services/riskService.ts",
    "statementMap": {
      "0": { "start": { "line": 11, "column": 2 }, "end": { "line": 43, "column": null } },
      "1": { "start": { "line": 13, "column": 22 }, "end": { "line": 16, "column": null } },
      "2": { "start": { "line": 18, "column": 4 }, "end": { "line": 20, "column": null } },
      "3": { "start": { "line": 19, "column": 6 }, "end": { "line": 19, "column": null } },
      "4": { "start": { "line": 22, "column": 4 }, "end": { "line": 24, "column": null } },
      "5": { "start": { "line": 23, "column": 6 }, "end": { "line": 23, "column": null } },
      "6": { "start": { "line": 27, "column": 22 }, "end": { "line": 27, "column": null } },
      "7": { "start": { "line": 30, "column": 4 }, "end": { "line": 36, "column": null } },
      "8": { "start": { "line": 38, "column": 4 }, "end": { "line": 38, "column": null } },
      "9": { "start": { "line": 39, "column": 4 }, "end": { "line": 39, "column": null } },
      "10": { "start": { "line": 41, "column": 4 }, "end": { "line": 41, "column": null } },
      "11": { "start": { "line": 42, "column": 4 }, "end": { "line": 42, "column": null } },
      "12": { "start": { "line": 51, "column": 2 }, "end": { "line": 56, "column": null } },
      "13": { "start": { "line": 52, "column": 4 }, "end": { "line": 52, "column": null } },
      "14": { "start": { "line": 54, "column": 4 }, "end": { "line": 54, "column": null } },
      "15": { "start": { "line": 55, "column": 4 }, "end": { "line": 55, "column": null } }
    },
    "fnMap": {
      "0": {
        "name": "evaluateSessionRisk",
        "decl": { "start": { "line": 10, "column": 22 }, "end": { "line": 10, "column": 42 } },
        "loc": { "start": { "line": 10, "column": 81 }, "end": { "line": 44, "column": null } },
        "line": 10
      },
      "1": {
        "name": "evaluatePlanRisk",
        "decl": { "start": { "line": 50, "column": 22 }, "end": { "line": 50, "column": 39 } },
        "loc": { "start": { "line": 50, "column": 77 }, "end": { "line": 57, "column": null } },
        "line": 50
      }
    },
    "branchMap": {
      "0": {
        "loc": { "start": { "line": 18, "column": 4 }, "end": { "line": 20, "column": null } },
        "type": "if",
        "locations": [
          { "start": { "line": 18, "column": 4 }, "end": { "line": 20, "column": null } },
          { "start": {}, "end": {} }
        ],
        "line": 18
      },
      "1": {
        "loc": { "start": { "line": 22, "column": 4 }, "end": { "line": 24, "column": null } },
        "type": "if",
        "locations": [
          { "start": { "line": 22, "column": 4 }, "end": { "line": 24, "column": null } },
          { "start": {}, "end": {} }
        ],
        "line": 22
      }
    },
    "s": {
      "0": 6,
      "1": 6,
      "2": 6,
      "3": 1,
      "4": 5,
      "5": 1,
      "6": 4,
      "7": 3,
      "8": 3,
      "9": 3,
      "10": 3,
      "11": 3,
      "12": 4,
      "13": 4,
      "14": 1,
      "15": 1
    },
    "f": { "0": 6, "1": 4 },
    "b": { "0": [1, 5], "1": [1, 4] },
    "meta": {
      "lastBranch": 2,
      "lastFunction": 2,
      "lastStatement": 16,
      "seen": {
        "f:10:22:10:42": 0,
        "s:11:2:43:Infinity": 0,
        "s:13:22:16:Infinity": 1,
        "b:18:4:20:Infinity:undefined:undefined:undefined:undefined": 0,
        "s:18:4:20:Infinity": 2,
        "s:19:6:19:Infinity": 3,
        "b:22:4:24:Infinity:undefined:undefined:undefined:undefined": 1,
        "s:22:4:24:Infinity": 4,
        "s:23:6:23:Infinity": 5,
        "s:27:22:27:Infinity": 6,
        "s:30:4:36:Infinity": 7,
        "s:38:4:38:Infinity": 8,
        "s:39:4:39:Infinity": 9,
        "s:41:4:41:Infinity": 10,
        "s:42:4:42:Infinity": 11,
        "f:50:22:50:39": 1,
        "s:51:2:56:Infinity": 12,
        "s:52:4:52:Infinity": 13,
        "s:54:4:54:Infinity": 14,
        "s:55:4:55:Infinity": 15
      }
    }
  },
  "/Users/zeno/Projects/tava-ai/apps/backend/src/services/summaryGenerator.ts": {
    "path": "/Users/zeno/Projects/tava-ai/apps/backend/src/services/summaryGenerator.ts",
    "statementMap": {
      "0": { "start": { "line": 20, "column": 33 }, "end": { "line": 20, "column": null } },
      "1": { "start": { "line": 45, "column": 32 }, "end": { "line": 45, "column": null } },
      "2": { "start": { "line": 47, "column": 2 }, "end": { "line": 101, "column": null } },
      "3": { "start": { "line": 47, "column": 21 }, "end": { "line": 47, "column": 24 } },
      "4": { "start": { "line": 48, "column": 4 }, "end": { "line": 100, "column": null } },
      "5": { "start": { "line": 49, "column": 25 }, "end": { "line": 61, "column": null } },
      "6": { "start": { "line": 63, "column": 22 }, "end": { "line": 63, "column": null } },
      "7": { "start": { "line": 64, "column": 6 }, "end": { "line": 64, "column": null } },
      "8": { "start": { "line": 64, "column": 20 }, "end": { "line": 64, "column": null } },
      "9": { "start": { "line": 66, "column": 21 }, "end": { "line": 66, "column": null } },
      "10": { "start": { "line": 69, "column": 23 }, "end": { "line": 75, "column": null } },
      "11": { "start": { "line": 76, "column": 6 }, "end": { "line": 80, "column": null } },
      "12": { "start": { "line": 77, "column": 8 }, "end": { "line": 79, "column": null } },
      "13": { "start": { "line": 78, "column": 10 }, "end": { "line": 78, "column": null } },
      "14": { "start": { "line": 82, "column": 6 }, "end": { "line": 82, "column": null } },
      "15": { "start": { "line": 84, "column": 18 }, "end": { "line": 84, "column": null } },
      "16": { "start": { "line": 85, "column": 6 }, "end": { "line": 85, "column": null } },
      "17": { "start": { "line": 86, "column": 6 }, "end": { "line": 86, "column": null } },
      "18": { "start": { "line": 90, "column": 8 }, "end": { "line": 90, "column": null } },
      "19": { "start": { "line": 92, "column": 6 }, "end": { "line": 96, "column": null } },
      "20": { "start": { "line": 93, "column": 8 }, "end": { "line": 95, "column": null } },
      "21": { "start": { "line": 99, "column": 6 }, "end": { "line": 99, "column": null } },
      "22": { "start": { "line": 99, "column": 37 }, "end": { "line": 99, "column": 89 } },
      "23": { "start": { "line": 103, "column": 2 }, "end": { "line": 103, "column": null } },
      "24": { "start": { "line": 107, "column": 30 }, "end": { "line": 107, "column": null } },
      "25": { "start": { "line": 129, "column": 32 }, "end": { "line": 129, "column": null } },
      "26": { "start": { "line": 131, "column": 2 }, "end": { "line": 176, "column": null } },
      "27": { "start": { "line": 131, "column": 21 }, "end": { "line": 131, "column": 24 } },
      "28": { "start": { "line": 132, "column": 4 }, "end": { "line": 175, "column": null } },
      "29": { "start": { "line": 133, "column": 25 }, "end": { "line": 145, "column": null } },
      "30": { "start": { "line": 147, "column": 22 }, "end": { "line": 147, "column": null } },
      "31": { "start": { "line": 148, "column": 6 }, "end": { "line": 148, "column": null } },
      "32": { "start": { "line": 148, "column": 20 }, "end": { "line": 148, "column": null } },
      "33": { "start": { "line": 151, "column": 21 }, "end": { "line": 151, "column": null } },
      "34": { "start": { "line": 152, "column": 23 }, "end": { "line": 152, "column": null } },
      "35": { "start": { "line": 153, "column": 6 }, "end": { "line": 157, "column": null } },
      "36": { "start": { "line": 154, "column": 8 }, "end": { "line": 156, "column": null } },
      "37": { "start": { "line": 155, "column": 10 }, "end": { "line": 155, "column": null } },
      "38": { "start": { "line": 159, "column": 6 }, "end": { "line": 159, "column": null } },
      "39": { "start": { "line": 161, "column": 18 }, "end": { "line": 161, "column": null } },
      "40": { "start": { "line": 162, "column": 6 }, "end": { "line": 162, "column": null } },
      "41": { "start": { "line": 163, "column": 6 }, "end": { "line": 163, "column": null } },
      "42": { "start": { "line": 166, "column": 8 }, "end": { "line": 166, "column": null } },
      "43": { "start": { "line": 168, "column": 6 }, "end": { "line": 172, "column": null } },
      "44": { "start": { "line": 169, "column": 8 }, "end": { "line": 171, "column": null } },
      "45": { "start": { "line": 174, "column": 6 }, "end": { "line": 174, "column": null } },
      "46": { "start": { "line": 174, "column": 37 }, "end": { "line": 174, "column": 89 } },
      "47": { "start": { "line": 178, "column": 2 }, "end": { "line": 178, "column": null } },
      "48": { "start": { "line": 186, "column": 44 }, "end": { "line": 189, "column": null } },
      "49": { "start": { "line": 191, "column": 2 }, "end": { "line": 194, "column": null } }
    },
    "fnMap": {
      "0": {
        "name": "generateTherapistSummary",
        "decl": { "start": { "line": 40, "column": 22 }, "end": { "line": 40, "column": null } },
        "loc": { "start": { "line": 44, "column": 29 }, "end": { "line": 104, "column": null } },
        "line": 44
      },
      "1": {
        "name": "(anonymous_1)",
        "decl": { "start": { "line": 99, "column": 24 }, "end": { "line": 99, "column": 25 } },
        "loc": { "start": { "line": 99, "column": 37 }, "end": { "line": 99, "column": 89 } },
        "line": 99
      },
      "2": {
        "name": "generateClientSummary",
        "decl": { "start": { "line": 124, "column": 22 }, "end": { "line": 124, "column": null } },
        "loc": { "start": { "line": 128, "column": 26 }, "end": { "line": 179, "column": null } },
        "line": 128
      },
      "3": {
        "name": "(anonymous_3)",
        "decl": { "start": { "line": 174, "column": 24 }, "end": { "line": 174, "column": 25 } },
        "loc": { "start": { "line": 174, "column": 37 }, "end": { "line": 174, "column": 89 } },
        "line": 174
      },
      "4": {
        "name": "generateSessionSummary",
        "decl": { "start": { "line": 182, "column": 22 }, "end": { "line": 182, "column": null } },
        "loc": { "start": { "line": 185, "column": 81 }, "end": { "line": 195, "column": null } },
        "line": 185
      }
    },
    "branchMap": {
      "0": {
        "loc": { "start": { "line": 43, "column": 2 }, "end": { "line": 43, "column": null } },
        "type": "default-arg",
        "locations": [
          { "start": { "line": 43, "column": 15 }, "end": { "line": 43, "column": null } }
        ],
        "line": 43
      },
      "1": {
        "loc": { "start": { "line": 64, "column": 6 }, "end": { "line": 64, "column": null } },
        "type": "if",
        "locations": [
          { "start": { "line": 64, "column": 6 }, "end": { "line": 64, "column": null } },
          { "start": {}, "end": {} }
        ],
        "line": 64
      },
      "2": {
        "loc": { "start": { "line": 77, "column": 8 }, "end": { "line": 79, "column": null } },
        "type": "if",
        "locations": [
          { "start": { "line": 77, "column": 8 }, "end": { "line": 79, "column": null } },
          { "start": {}, "end": {} }
        ],
        "line": 77
      },
      "3": {
        "loc": { "start": { "line": 90, "column": 8 }, "end": { "line": 90, "column": null } },
        "type": "binary-expr",
        "locations": [
          { "start": { "line": 90, "column": 8 }, "end": { "line": 90, "column": 31 } },
          { "start": { "line": 90, "column": 31 }, "end": { "line": 90, "column": 45 } },
          { "start": { "line": 90, "column": 45 }, "end": { "line": 90, "column": 67 } },
          { "start": { "line": 90, "column": 67 }, "end": { "line": 90, "column": null } }
        ],
        "line": 90
      },
      "4": {
        "loc": { "start": { "line": 92, "column": 6 }, "end": { "line": 96, "column": null } },
        "type": "if",
        "locations": [
          { "start": { "line": 92, "column": 6 }, "end": { "line": 96, "column": null } },
          { "start": {}, "end": {} }
        ],
        "line": 92
      },
      "5": {
        "loc": { "start": { "line": 92, "column": 10 }, "end": { "line": 92, "column": 50 } },
        "type": "binary-expr",
        "locations": [
          { "start": { "line": 92, "column": 10 }, "end": { "line": 92, "column": 26 } },
          { "start": { "line": 92, "column": 26 }, "end": { "line": 92, "column": 50 } }
        ],
        "line": 92
      },
      "6": {
        "loc": { "start": { "line": 103, "column": 8 }, "end": { "line": 103, "column": null } },
        "type": "binary-expr",
        "locations": [
          { "start": { "line": 103, "column": 8 }, "end": { "line": 103, "column": 21 } },
          { "start": { "line": 103, "column": 21 }, "end": { "line": 103, "column": null } }
        ],
        "line": 103
      },
      "7": {
        "loc": { "start": { "line": 127, "column": 2 }, "end": { "line": 127, "column": null } },
        "type": "default-arg",
        "locations": [
          { "start": { "line": 127, "column": 15 }, "end": { "line": 127, "column": null } }
        ],
        "line": 127
      },
      "8": {
        "loc": { "start": { "line": 148, "column": 6 }, "end": { "line": 148, "column": null } },
        "type": "if",
        "locations": [
          { "start": { "line": 148, "column": 6 }, "end": { "line": 148, "column": null } },
          { "start": {}, "end": {} }
        ],
        "line": 148
      },
      "9": {
        "loc": { "start": { "line": 154, "column": 8 }, "end": { "line": 156, "column": null } },
        "type": "if",
        "locations": [
          { "start": { "line": 154, "column": 8 }, "end": { "line": 156, "column": null } },
          { "start": {}, "end": {} }
        ],
        "line": 154
      },
      "10": {
        "loc": { "start": { "line": 166, "column": 8 }, "end": { "line": 166, "column": null } },
        "type": "binary-expr",
        "locations": [
          { "start": { "line": 166, "column": 8 }, "end": { "line": 166, "column": 31 } },
          { "start": { "line": 166, "column": 31 }, "end": { "line": 166, "column": 45 } },
          { "start": { "line": 166, "column": 45 }, "end": { "line": 166, "column": 67 } },
          { "start": { "line": 166, "column": 67 }, "end": { "line": 166, "column": null } }
        ],
        "line": 166
      },
      "11": {
        "loc": { "start": { "line": 168, "column": 6 }, "end": { "line": 172, "column": null } },
        "type": "if",
        "locations": [
          { "start": { "line": 168, "column": 6 }, "end": { "line": 172, "column": null } },
          { "start": {}, "end": {} }
        ],
        "line": 168
      },
      "12": {
        "loc": { "start": { "line": 168, "column": 10 }, "end": { "line": 168, "column": 50 } },
        "type": "binary-expr",
        "locations": [
          { "start": { "line": 168, "column": 10 }, "end": { "line": 168, "column": 26 } },
          { "start": { "line": 168, "column": 26 }, "end": { "line": 168, "column": 50 } }
        ],
        "line": 168
      },
      "13": {
        "loc": { "start": { "line": 178, "column": 8 }, "end": { "line": 178, "column": null } },
        "type": "binary-expr",
        "locations": [
          { "start": { "line": 178, "column": 8 }, "end": { "line": 178, "column": 21 } },
          { "start": { "line": 178, "column": 21 }, "end": { "line": 178, "column": null } }
        ],
        "line": 178
      }
    },
    "s": {
      "0": 1,
      "1": 5,
      "2": 5,
      "3": 5,
      "4": 5,
      "5": 5,
      "6": 5,
      "7": 5,
      "8": 1,
      "9": 4,
      "10": 4,
      "11": 4,
      "12": 12,
      "13": 1,
      "14": 2,
      "15": 3,
      "16": 3,
      "17": 3,
      "18": 3,
      "19": 3,
      "20": 3,
      "21": 0,
      "22": 0,
      "23": 0,
      "24": 1,
      "25": 3,
      "26": 3,
      "27": 3,
      "28": 3,
      "29": 3,
      "30": 3,
      "31": 3,
      "32": 0,
      "33": 3,
      "34": 3,
      "35": 3,
      "36": 10,
      "37": 1,
      "38": 2,
      "39": 1,
      "40": 1,
      "41": 1,
      "42": 1,
      "43": 1,
      "44": 1,
      "45": 0,
      "46": 0,
      "47": 0,
      "48": 1,
      "49": 1
    },
    "f": { "0": 5, "1": 0, "2": 3, "3": 0, "4": 1 },
    "b": {
      "0": [5],
      "1": [1, 4],
      "2": [1, 11],
      "3": [3, 3, 0, 3],
      "4": [3, 0],
      "5": [3, 0],
      "6": [0, 0],
      "7": [3],
      "8": [0, 3],
      "9": [1, 9],
      "10": [1, 1, 0, 1],
      "11": [1, 0],
      "12": [1, 0],
      "13": [0, 0]
    },
    "meta": {
      "lastBranch": 14,
      "lastFunction": 5,
      "lastStatement": 50,
      "seen": {
        "s:20:33:20:Infinity": 0,
        "f:40:22:40:Infinity": 0,
        "b:43:15:43:Infinity": 0,
        "s:45:32:45:Infinity": 1,
        "s:47:2:101:Infinity": 2,
        "s:47:21:47:24": 3,
        "s:48:4:100:Infinity": 4,
        "s:49:25:61:Infinity": 5,
        "s:63:22:63:Infinity": 6,
        "b:64:6:64:Infinity:undefined:undefined:undefined:undefined": 1,
        "s:64:6:64:Infinity": 7,
        "s:64:20:64:Infinity": 8,
        "s:66:21:66:Infinity": 9,
        "s:69:23:75:Infinity": 10,
        "s:76:6:80:Infinity": 11,
        "b:77:8:79:Infinity:undefined:undefined:undefined:undefined": 2,
        "s:77:8:79:Infinity": 12,
        "s:78:10:78:Infinity": 13,
        "s:82:6:82:Infinity": 14,
        "s:84:18:84:Infinity": 15,
        "s:85:6:85:Infinity": 16,
        "s:86:6:86:Infinity": 17,
        "s:90:8:90:Infinity": 18,
        "b:90:8:90:31:90:31:90:45:90:45:90:67:90:67:90:Infinity": 3,
        "b:92:6:96:Infinity:undefined:undefined:undefined:undefined": 4,
        "s:92:6:96:Infinity": 19,
        "b:92:10:92:26:92:26:92:50": 5,
        "s:93:8:95:Infinity": 20,
        "s:99:6:99:Infinity": 21,
        "f:99:24:99:25": 1,
        "s:99:37:99:89": 22,
        "s:103:2:103:Infinity": 23,
        "b:103:8:103:21:103:21:103:Infinity": 6,
        "s:107:30:107:Infinity": 24,
        "f:124:22:124:Infinity": 2,
        "b:127:15:127:Infinity": 7,
        "s:129:32:129:Infinity": 25,
        "s:131:2:176:Infinity": 26,
        "s:131:21:131:24": 27,
        "s:132:4:175:Infinity": 28,
        "s:133:25:145:Infinity": 29,
        "s:147:22:147:Infinity": 30,
        "b:148:6:148:Infinity:undefined:undefined:undefined:undefined": 8,
        "s:148:6:148:Infinity": 31,
        "s:148:20:148:Infinity": 32,
        "s:151:21:151:Infinity": 33,
        "s:152:23:152:Infinity": 34,
        "s:153:6:157:Infinity": 35,
        "b:154:8:156:Infinity:undefined:undefined:undefined:undefined": 9,
        "s:154:8:156:Infinity": 36,
        "s:155:10:155:Infinity": 37,
        "s:159:6:159:Infinity": 38,
        "s:161:18:161:Infinity": 39,
        "s:162:6:162:Infinity": 40,
        "s:163:6:163:Infinity": 41,
        "s:166:8:166:Infinity": 42,
        "b:166:8:166:31:166:31:166:45:166:45:166:67:166:67:166:Infinity": 10,
        "b:168:6:172:Infinity:undefined:undefined:undefined:undefined": 11,
        "s:168:6:172:Infinity": 43,
        "b:168:10:168:26:168:26:168:50": 12,
        "s:169:8:171:Infinity": 44,
        "s:174:6:174:Infinity": 45,
        "f:174:24:174:25": 3,
        "s:174:37:174:89": 46,
        "s:178:2:178:Infinity": 47,
        "b:178:8:178:21:178:21:178:Infinity": 13,
        "f:182:22:182:Infinity": 4,
        "s:186:44:189:Infinity": 48,
        "s:191:2:194:Infinity": 49
      }
    }
  }
}
