TN:
SF:src/db/schema.ts
FN:37,(anonymous_0)
FN:39,(anonymous_1)
FN:51,(anonymous_2)
FN:62,(anonymous_3)
FN:76,(anonymous_4)
FN:85,(anonymous_5)
FN:88,(anonymous_6)
FN:97,(anonymous_7)
FN:111,(anonymous_8)
FN:114,(anonymous_9)
FN:117,(anonymous_10)
FN:127,(anonymous_11)
FNF:12
FNH:0
FNDA:0,(anonymous_0)
FNDA:0,(anonymous_1)
FNDA:0,(anonymous_2)
FNDA:0,(anonymous_3)
FNDA:0,(anonymous_4)
FNDA:0,(anonymous_5)
FNDA:0,(anonymous_6)
FNDA:0,(anonymous_7)
FNDA:0,(anonymous_8)
FNDA:0,(anonymous_9)
FNDA:0,(anonymous_10)
FNDA:0,(anonymous_11)
DA:13,1
DA:25,1
DA:37,0
DA:39,0
DA:43,1
DA:51,0
DA:62,0
DA:66,1
DA:76,0
DA:80,1
DA:85,0
DA:88,0
DA:97,0
DA:106,1
DA:111,0
DA:114,0
DA:117,0
DA:127,0
LF:18
LH:6
BRF:0
BRH:0
end_of_record
TN:
SF:src/services/aiService.ts
FN:29,transcribeAudio
FN:92,generateTherapistPlan
FN:148,(anonymous_2)
FN:173,generateClientPlan
FN:217,(anonymous_4)
FNF:5
FNH:5
FNDA:4,transcribeAudio
FNDA:6,generateTherapistPlan
FNDA:2,(anonymous_2)
FNDA:4,generateClientPlan
FNDA:1,(anonymous_4)
DA:5,1
DA:33,4
DA:35,4
DA:47,4
DA:50,4
DA:52,4
DA:60,3
DA:62,1
DA:63,1
DA:68,1
DA:96,6
DA:98,6
DA:99,8
DA:100,8
DA:111,5
DA:112,5
DA:114,4
DA:117,4
DA:127,4
DA:128,26
DA:129,1
DA:133,3
DA:135,5
DA:136,5
DA:137,5
DA:141,5
DA:143,5
DA:144,3
DA:148,2
DA:152,2
DA:156,1
DA:177,4
DA:179,4
DA:180,5
DA:181,5
DA:192,4
DA:193,4
DA:196,4
DA:197,4
DA:198,4
DA:199,14
DA:200,1
DA:204,3
DA:206,2
DA:207,2
DA:208,2
DA:211,2
DA:213,2
DA:214,1
DA:217,1
DA:221,1
LF:51
LH:51
BRDA:31,0,0,4
BRDA:47,1,0,4
BRDA:47,1,1,0
BRDA:94,2,0,6
BRDA:112,3,0,1
BRDA:112,3,1,4
BRDA:128,4,0,1
BRDA:128,4,1,25
BRDA:141,5,0,5
BRDA:141,5,1,4
BRDA:141,5,2,2
BRDA:141,5,3,2
BRDA:143,6,0,3
BRDA:143,6,1,2
BRDA:143,7,0,5
BRDA:143,7,1,3
BRDA:152,8,0,2
BRDA:152,8,1,0
BRDA:175,9,0,4
BRDA:193,10,0,0
BRDA:193,10,1,4
BRDA:199,11,0,1
BRDA:199,11,1,13
BRDA:211,12,0,2
BRDA:211,12,1,2
BRDA:211,12,2,0
BRDA:211,12,3,2
BRDA:213,13,0,1
BRDA:213,13,1,1
BRDA:213,14,0,2
BRDA:213,14,1,1
BRDA:221,15,0,1
BRDA:221,15,1,0
BRF:33
BRH:28
end_of_record
TN:
SF:src/services/moderationService.ts
FN:38,moderateContent
FN:66,mapModerationToRiskLevel
FN:73,(anonymous_2)
FN:83,(anonymous_3)
FN:89,(anonymous_4)
FN:100,evaluateContentRisk
FNF:6
FNH:6
FNDA:3,moderateContent
FNDA:7,mapModerationToRiskLevel
FNDA:48,(anonymous_2)
FNDA:33,(anonymous_3)
FNDA:22,(anonymous_4)
FNDA:1,evaluateContentRisk
DA:39,3
DA:40,3
DA:45,2
DA:46,2
DA:52,1
DA:53,1
DA:67,7
DA:70,7
DA:73,48
DA:75,3
DA:79,4
DA:83,33
DA:85,1
DA:89,22
DA:90,1
DA:94,2
DA:101,1
DA:102,1
LF:18
LH:18
BRDA:70,0,0,3
BRDA:70,0,1,4
BRDA:71,1,0,7
BRDA:71,1,1,6
BRDA:71,1,2,5
BRDA:79,2,0,1
BRDA:79,2,1,3
BRDA:80,3,0,4
BRDA:80,3,1,4
BRDA:80,3,2,3
BRDA:80,3,3,3
BRDA:89,4,0,1
BRDA:89,4,1,2
BRDA:89,5,0,3
BRDA:89,5,1,2
BRF:15
BRH:15
end_of_record
TN:
SF:src/services/riskService.ts
FN:10,evaluateSessionRisk
FN:50,evaluatePlanRisk
FNF:2
FNH:2
FNDA:6,evaluateSessionRisk
FNDA:4,evaluatePlanRisk
DA:11,6
DA:13,6
DA:18,6
DA:19,1
DA:22,5
DA:23,1
DA:27,4
DA:30,3
DA:38,3
DA:39,3
DA:41,3
DA:42,3
DA:51,4
DA:52,4
DA:54,1
DA:55,1
LF:16
LH:16
BRDA:18,0,0,1
BRDA:18,0,1,5
BRDA:22,1,0,1
BRDA:22,1,1,4
BRF:4
BRH:4
end_of_record
TN:
SF:src/services/summaryGenerator.ts
FN:40,generateTherapistSummary
FN:99,(anonymous_1)
FN:124,generateClientSummary
FN:174,(anonymous_3)
FN:182,generateSessionSummary
FNF:5
FNH:3
FNDA:5,generateTherapistSummary
FNDA:0,(anonymous_1)
FNDA:3,generateClientSummary
FNDA:0,(anonymous_3)
FNDA:1,generateSessionSummary
DA:20,1
DA:45,5
DA:47,5
DA:48,5
DA:49,5
DA:63,5
DA:64,5
DA:66,4
DA:69,4
DA:76,4
DA:77,12
DA:78,1
DA:82,2
DA:84,3
DA:85,3
DA:86,3
DA:90,3
DA:92,3
DA:93,3
DA:99,0
DA:103,0
DA:107,1
DA:129,3
DA:131,3
DA:132,3
DA:133,3
DA:147,3
DA:148,3
DA:151,3
DA:152,3
DA:153,3
DA:154,10
DA:155,1
DA:159,2
DA:161,1
DA:162,1
DA:163,1
DA:166,1
DA:168,1
DA:169,1
DA:174,0
DA:178,0
DA:186,1
DA:191,1
LF:44
LH:40
BRDA:43,0,0,5
BRDA:64,1,0,1
BRDA:64,1,1,4
BRDA:77,2,0,1
BRDA:77,2,1,11
BRDA:90,3,0,3
BRDA:90,3,1,3
BRDA:90,3,2,0
BRDA:90,3,3,3
BRDA:92,4,0,3
BRDA:92,4,1,0
BRDA:92,5,0,3
BRDA:92,5,1,0
BRDA:103,6,0,0
BRDA:103,6,1,0
BRDA:127,7,0,3
BRDA:148,8,0,0
BRDA:148,8,1,3
BRDA:154,9,0,1
BRDA:154,9,1,9
BRDA:166,10,0,1
BRDA:166,10,1,1
BRDA:166,10,2,0
BRDA:166,10,3,1
BRDA:168,11,0,1
BRDA:168,11,1,0
BRDA:168,12,0,1
BRDA:168,12,1,0
BRDA:178,13,0,0
BRDA:178,13,1,0
BRF:30
BRH:19
end_of_record
